<?xml version="1.0" encoding="UTF-8"?>
<!-- Generated by org.testng.reporters.JUnitReportReporter -->
<testsuite hostname="AmeerPC" failures="0" tests="1" name="com.companieshouseAssig.tests.NFTPerformanceLoginTest" time="1.088" errors="0" timestamp="2025-02-04T17:46:49 GMT" skipped="0">
  <testcase classname="com.companieshouseAssig.tests.NFTPerformanceLoginTest" name="LoginperformaneLoadTime" time="1.088"/>
  <system-out/>
</testsuite> <!-- com.companieshouseAssig.tests.NFTPerformanceLoginTest -->
