<?xml version="1.0" encoding="UTF-8"?>
<!-- Generated by org.testng.reporters.JUnitReportReporter -->
<testsuite hostname="AmeerPC" failures="0" tests="3" name="com.companieshouseAssig.tests.NFTResponsivenessLoginTest" time="0.623" errors="0" timestamp="2025-02-04T17:46:49 GMT" skipped="0">
  <testcase classname="com.companieshouseAssig.tests.NFTResponsivenessLoginTest" name="adminClick" time="0.265"/>
  <system-out/>
  <testcase classname="com.companieshouseAssig.tests.NFTResponsivenessLoginTest" name="adminLogin" time="0.009"/>
  <system-out/>
  <testcase classname="com.companieshouseAssig.tests.NFTResponsivenessLoginTest" name="appLoginTest" time="0.349"/>
  <system-out/>
</testsuite> <!-- com.companieshouseAssig.tests.NFTResponsivenessLoginTest -->
