<?xml version="1.0" encoding="UTF-8"?>
<!-- Generated by org.testng.reporters.JUnitReportReporter -->
<testsuite hostname="AmeerPC" failures="0" tests="4" name="com.companieshouseAssig.tests.ConactDetailsRetriveDBTest" time="8.912" errors="0" timestamp="2025-02-04T17:34:55 GMT" skipped="0">
  <testcase classname="com.companieshouseAssig.tests.ConactDetailsRetriveDBTest" name="sendContactDetails" time="0.720"/>
  <system-out/>
  <testcase classname="com.companieshouseAssig.tests.ConactDetailsRetriveDBTest" name="verfiySubmitedMessage" time="0.223"/>
  <system-out/>
  <testcase classname="com.companieshouseAssig.tests.ConactDetailsRetriveDBTest" name="loginadmin" time="5.616"/>
  <system-out/>
  <testcase classname="com.companieshouseAssig.tests.ConactDetailsRetriveDBTest" name="verfiyDataEntry" time="2.353"/>
  <system-out/>
</testsuite> <!-- com.companieshouseAssig.tests.ConactDetailsRetriveDBTest -->
