<?xml version="1.0" encoding="UTF-8"?>
<!-- Generated by org.testng.reporters.JUnitReportReporter -->
<testsuite hostname="AmeerPC" failures="0" tests="3" name="com.companieshouseAssig.tests.LoginTest" time="1.220" errors="0" timestamp="2025-02-04T17:34:55 GMT" skipped="0">
  <testcase classname="com.companieshouseAssig.tests.LoginTest" name="adminClick" time="0.212"/>
  <system-out/>
  <testcase classname="com.companieshouseAssig.tests.LoginTest" name="adminLogin" time="0.003"/>
  <system-out/>
  <testcase classname="com.companieshouseAssig.tests.LoginTest" name="appLoginTest" time="1.005"/>
  <system-out/>
</testsuite> <!-- com.companieshouseAssig.tests.LoginTest -->
