<?xml version="1.0" encoding="UTF-8"?>
<!-- Generated by org.testng.reporters.JUnitReportReporter -->
<testsuite hostname="AmeerPC" failures="0" tests="2" name="com.companieshouseAssig.tests.CreateRoomTest" time="3.227" errors="0" timestamp="2025-02-04T17:46:49 GMT" skipped="0">
  <testcase classname="com.companieshouseAssig.tests.CreateRoomTest" name="login" time="2.536"/>
  <system-out/>
  <testcase classname="com.companieshouseAssig.tests.CreateRoomTest" name="sendbookDetails" time="0.691"/>
  <system-out/>
</testsuite> <!-- com.companieshouseAssig.tests.CreateRoomTest -->
