<?xml version="1.0" encoding="UTF-8"?>
<!-- Generated by org.testng.reporters.JUnitReportReporter -->
<testsuite hostname="AmeerPC" failures="0" tests="2" name="com.companieshouseAssig.tests.BookRoomTest" time="8.234" errors="0" timestamp="2025-02-04T17:46:49 GMT" skipped="0">
  <testcase classname="com.companieshouseAssig.tests.BookRoomTest" name="sendbookDetails" time="8.234"/>
  <system-out/>
  <testcase classname="com.companieshouseAssig.tests.BookRoomTest" name="closeBookingMessage" time="0.000"/>
  <system-out/>
</testsuite> <!-- com.companieshouseAssig.tests.BookRoomTest -->
