<?xml version="1.0" encoding="UTF-8"?>
<!-- Generated by org.testng.reporters.JUnitReportReporter -->
<testsuite hostname="AmeerPC" failures="0" tests="2" name="com.companieshouseAssig.tests.ConactDetailsSendTest" time="1.454" errors="0" timestamp="2025-02-04T17:34:55 GMT" skipped="0">
  <testcase classname="com.companieshouseAssig.tests.ConactDetailsSendTest" name="sendContactDetails" time="0.617"/>
  <system-out/>
  <testcase classname="com.companieshouseAssig.tests.ConactDetailsSendTest" name="verfiySubmitedMessage" time="0.837"/>
  <system-out/>
</testsuite> <!-- com.companieshouseAssig.tests.ConactDetailsSendTest -->
