<?xml version="1.0" encoding="UTF-8"?>
<!-- Generated by org.testng.reporters.JUnitReportReporter -->
<testsuite hostname="AmeerPC" failures="0" tests="2" name="com.companieshouseAssig.tests.HomePageTest" time="0.093" errors="0" timestamp="2025-02-04T17:46:49 GMT" skipped="0">
  <testcase classname="com.companieshouseAssig.tests.HomePageTest" name="homePageTitleTest" time="0.083"/>
  <system-out/>
  <testcase classname="com.companieshouseAssig.tests.HomePageTest" name="homePageURLTest" time="0.010"/>
  <system-out/>
</testsuite> <!-- com.companieshouseAssig.tests.HomePageTest -->
