<?xml version="1.0" encoding="UTF-8"?>
<!-- Generated by org.testng.reporters.JUnitReportReporter -->
<testsuite hostname="AmeerPC" failures="0" tests="2" name="com.companieshouseAssig.tests.ConactDetailsSendTest" time="1.389" errors="0" timestamp="2025-02-04T17:46:49 GMT" skipped="0">
  <testcase classname="com.companieshouseAssig.tests.ConactDetailsSendTest" name="sendContactDetails" time="0.544"/>
  <system-out/>
  <testcase classname="com.companieshouseAssig.tests.ConactDetailsSendTest" name="verfiySubmitedMessage" time="0.845"/>
  <system-out/>
</testsuite> <!-- com.companieshouseAssig.tests.ConactDetailsSendTest -->
