<?xml version="1.0" encoding="UTF-8"?>
<!-- Generated by org.testng.reporters.JUnitReportReporter -->
<testsuite hostname="AmeerPC" failures="0" tests="4" name="com.companieshouseAssig.tests.ConactDetailsRetriveDBTest" time="4.008" errors="0" timestamp="2025-02-04T17:46:49 GMT" skipped="0">
  <testcase classname="com.companieshouseAssig.tests.ConactDetailsRetriveDBTest" name="sendContactDetails" time="0.536"/>
  <system-out/>
  <testcase classname="com.companieshouseAssig.tests.ConactDetailsRetriveDBTest" name="verfiySubmitedMessage" time="0.842"/>
  <system-out/>
  <testcase classname="com.companieshouseAssig.tests.ConactDetailsRetriveDBTest" name="loginadmin" time="2.364"/>
  <system-out/>
  <testcase classname="com.companieshouseAssig.tests.ConactDetailsRetriveDBTest" name="verfiyDataEntry" time="0.266"/>
  <system-out/>
</testsuite> <!-- com.companieshouseAssig.tests.ConactDetailsRetriveDBTest -->
